<?xml version="1.0" encoding="UTF-8"?>
<!-- Generated by org.testng.reporters.JUnitReportReporter -->
<testsuite hostname="VIVEK" failures="0" tests="1" name="vtigerCRm.LoginFuctionality" time="6.526" errors="0" timestamp="7 Sep 2023 07:55:16 GMT">
  <testcase classname="vtigerCRm.LoginFuctionality" name="loginTest" time="6.526"/>
</testsuite> <!-- vtigerCRm.LoginFuctionality -->
